#-----------------------------------------------------------
# Vivado v2018.2 (64-bit)
# SW Build 2258646 on Thu Jun 14 20:03:12 MDT 2018
# IP Build 2256618 on Thu Jun 14 22:10:49 MDT 2018
# Start of session at: Tue May  7 19:32:14 2024
# Process ID: 18196
# Current directory: X:/XilianX/SIGMA_TEAM_MICROPROCESSOR_ALU_1
# Command line: vivado.exe -gui_launcher_event rodinguilauncherevent24668 X:\XilianX\SIGMA_TEAM_MICROPROCESSOR_ALU_1\SIGMA_TEAM_MICROPROCESSOR_ALU_1.xpr
# Log file: X:/XilianX/SIGMA_TEAM_MICROPROCESSOR_ALU_1/vivado.log
# Journal file: X:/XilianX/SIGMA_TEAM_MICROPROCESSOR_ALU_1\vivado.jou
#-----------------------------------------------------------
start_gui
open_project X:/XilianX/SIGMA_TEAM_MICROPROCESSOR_ALU_1/SIGMA_TEAM_MICROPROCESSOR_ALU_1.xpr
Scanning sources...
Finished scanning sources
INFO: [IP_Flow 19-234] Refreshing IP repositories
INFO: [IP_Flow 19-1704] No user IP repositories specified
INFO: [IP_Flow 19-2313] Loaded Vivado IP repository 'X:/Vivado_Xilianx/Vivado/2018.2/data/ip'.
update_compile_order -fileset sources_1
exit
INFO: [Common 17-206] Exiting Vivado at Tue May  7 20:54:48 2024...
