#-----------------------------------------------------------
# Vivado v2018.2 (64-bit)
# SW Build 2258646 on Thu Jun 14 20:03:12 MDT 2018
# IP Build 2256618 on Thu Jun 14 22:10:49 MDT 2018
# Start of session at: Wed May  8 13:29:15 2024
# Process ID: 23804
# Current directory: X:/XilianX/SIGMA_TEAM_MICROPROCESS_RAM
# Command line: vivado.exe -gui_launcher_event rodinguilauncherevent21752 X:\XilianX\SIGMA_TEAM_MICROPROCESS_RAM\SIGMA_TEAM_MICROPROCESS_RAM.xpr
# Log file: X:/XilianX/SIGMA_TEAM_MICROPROCESS_RAM/vivado.log
# Journal file: X:/XilianX/SIGMA_TEAM_MICROPROCESS_RAM\vivado.jou
#-----------------------------------------------------------
start_gui
open_project X:/XilianX/SIGMA_TEAM_MICROPROCESS_RAM/SIGMA_TEAM_MICROPROCESS_RAM.xpr
Scanning sources...
Finished scanning sources
INFO: [IP_Flow 19-234] Refreshing IP repositories
INFO: [IP_Flow 19-1704] No user IP repositories specified
INFO: [IP_Flow 19-2313] Loaded Vivado IP repository 'X:/Vivado_Xilianx/Vivado/2018.2/data/ip'.
open_project: Time (s): cpu = 00:00:07 ; elapsed = 00:00:06 . Memory (MB): peak = 878.906 ; gain = 115.684
update_compile_order -fileset sources_1
exit
INFO: [Common 17-206] Exiting Vivado at Wed May  8 16:06:25 2024...
